<?xml version="1.0" encoding="UTF-8"?>
<coverage generated="1564501351">
  <project timestamp="1564501351">
    <package name="App\Controller">
      <file name="/home/mister_d/Bureau/transfert/src/Controller/AuthentificationController.php">
        <class name="App\Controller\AuthentificationController" namespace="App\Controller">
          <metrics complexity="11" methods="4" coveredmethods="0" conditionals="0" coveredconditionals="0" statements="56" coveredstatements="0" elements="60" coveredelements="0"/>
        </class>
        <line num="33" type="method" name="register" visibility="public" complexity="3" crap="12" count="0"/>
        <line num="35" type="stmt" count="0"/>
        <line num="37" type="stmt" count="0"/>
        <line num="39" type="stmt" count="0"/>
        <line num="40" type="stmt" count="0"/>
        <line num="41" type="stmt" count="0"/>
        <line num="42" type="stmt" count="0"/>
        <line num="43" type="stmt" count="0"/>
        <line num="44" type="stmt" count="0"/>
        <line num="45" type="stmt" count="0"/>
        <line num="46" type="stmt" count="0"/>
        <line num="47" type="stmt" count="0"/>
        <line num="48" type="stmt" count="0"/>
        <line num="49" type="stmt" count="0"/>
        <line num="50" type="stmt" count="0"/>
        <line num="51" type="stmt" count="0"/>
        <line num="52" type="stmt" count="0"/>
        <line num="53" type="stmt" count="0"/>
        <line num="55" type="stmt" count="0"/>
        <line num="57" type="stmt" count="0"/>
        <line num="59" type="stmt" count="0"/>
        <line num="60" type="stmt" count="0"/>
        <line num="65" type="stmt" count="0"/>
        <line num="66" type="stmt" count="0"/>
        <line num="69" type="stmt" count="0"/>
        <line num="72" type="stmt" count="0"/>
        <line num="76" type="stmt" count="0"/>
        <line num="79" type="stmt" count="0"/>
        <line num="86" type="method" name="modif" visibility="public" complexity="5" crap="30" count="0"/>
        <line num="88" type="stmt" count="0"/>
        <line num="90" type="stmt" count="0"/>
        <line num="92" type="stmt" count="0"/>
        <line num="94" type="stmt" count="0"/>
        <line num="96" type="stmt" count="0"/>
        <line num="97" type="stmt" count="0"/>
        <line num="98" type="stmt" count="0"/>
        <line num="102" type="stmt" count="0"/>
        <line num="104" type="stmt" count="0"/>
        <line num="106" type="stmt" count="0"/>
        <line num="107" type="stmt" count="0"/>
        <line num="108" type="stmt" count="0"/>
        <line num="111" type="stmt" count="0"/>
        <line num="113" type="stmt" count="0"/>
        <line num="116" type="stmt" count="0"/>
        <line num="123" type="method" name="login" visibility="public" complexity="1" crap="2" count="0"/>
        <line num="125" type="stmt" count="0"/>
        <line num="126" type="stmt" count="0"/>
        <line num="127" type="stmt" count="0"/>
        <line num="128" type="stmt" count="0"/>
        <line num="134" type="method" name="update" visibility="public" complexity="2" crap="6" count="0"/>
        <line num="135" type="stmt" count="0"/>
        <line num="136" type="stmt" count="0"/>
        <line num="138" type="stmt" count="0"/>
        <line num="139" type="stmt" count="0"/>
        <line num="140" type="stmt" count="0"/>
        <line num="141" type="stmt" count="0"/>
        <line num="144" type="stmt" count="0"/>
        <line num="145" type="stmt" count="0"/>
        <line num="147" type="stmt" count="0"/>
        <line num="150" type="stmt" count="0"/>
        <metrics loc="152" ncloc="134" classes="1" methods="4" coveredmethods="0" conditionals="0" coveredconditionals="0" statements="56" coveredstatements="0" elements="60" coveredelements="0"/>
      </file>
      <file name="/home/mister_d/Bureau/transfert/src/Controller/CompteController.php">
        <class name="App\Controller\CompteController" namespace="App\Controller">
          <metrics complexity="8" methods="2" coveredmethods="0" conditionals="0" coveredconditionals="0" statements="33" coveredstatements="0" elements="35" coveredelements="0"/>
        </class>
        <line num="31" type="method" name="new" visibility="public" complexity="3" crap="12" count="0"/>
        <line num="33" type="stmt" count="0"/>
        <line num="35" type="stmt" count="0"/>
        <line num="37" type="stmt" count="0"/>
        <line num="38" type="stmt" count="0"/>
        <line num="39" type="stmt" count="0"/>
        <line num="40" type="stmt" count="0"/>
        <line num="41" type="stmt" count="0"/>
        <line num="43" type="stmt" count="0"/>
        <line num="45" type="stmt" count="0"/>
        <line num="47" type="stmt" count="0"/>
        <line num="49" type="stmt" count="0"/>
        <line num="50" type="stmt" count="0"/>
        <line num="54" type="stmt" count="0"/>
        <line num="55" type="stmt" count="0"/>
        <line num="58" type="stmt" count="0"/>
        <line num="61" type="stmt" count="0"/>
        <line num="65" type="stmt" count="0"/>
        <line num="68" type="stmt" count="0"/>
        <line num="75" type="method" name="modif" visibility="public" complexity="5" crap="30" count="0"/>
        <line num="77" type="stmt" count="0"/>
        <line num="79" type="stmt" count="0"/>
        <line num="81" type="stmt" count="0"/>
        <line num="83" type="stmt" count="0"/>
        <line num="85" type="stmt" count="0"/>
        <line num="86" type="stmt" count="0"/>
        <line num="87" type="stmt" count="0"/>
        <line num="91" type="stmt" count="0"/>
        <line num="93" type="stmt" count="0"/>
        <line num="95" type="stmt" count="0"/>
        <line num="96" type="stmt" count="0"/>
        <line num="97" type="stmt" count="0"/>
        <line num="101" type="stmt" count="0"/>
        <line num="103" type="stmt" count="0"/>
        <line num="106" type="stmt" count="0"/>
        <metrics loc="110" ncloc="100" classes="1" methods="2" coveredmethods="0" conditionals="0" coveredconditionals="0" statements="33" coveredstatements="0" elements="35" coveredelements="0"/>
      </file>
      <file name="/home/mister_d/Bureau/transfert/src/Controller/PartenaireController.php">
        <class name="App\Controller\PartenaireController" namespace="App\Controller">
          <metrics complexity="4" methods="2" coveredmethods="0" conditionals="0" coveredconditionals="0" statements="27" coveredstatements="0" elements="29" coveredelements="0"/>
        </class>
        <line num="24" type="method" name="Add" visibility="public" complexity="3" crap="12" count="0"/>
        <line num="25" type="stmt" count="0"/>
        <line num="26" type="stmt" count="0"/>
        <line num="27" type="stmt" count="0"/>
        <line num="28" type="stmt" count="0"/>
        <line num="29" type="stmt" count="0"/>
        <line num="30" type="stmt" count="0"/>
        <line num="31" type="stmt" count="0"/>
        <line num="32" type="stmt" count="0"/>
        <line num="33" type="stmt" count="0"/>
        <line num="34" type="stmt" count="0"/>
        <line num="35" type="stmt" count="0"/>
        <line num="36" type="stmt" count="0"/>
        <line num="37" type="stmt" count="0"/>
        <line num="38" type="stmt" count="0"/>
        <line num="39" type="stmt" count="0"/>
        <line num="41" type="stmt" count="0"/>
        <line num="44" type="stmt" count="0"/>
        <line num="46" type="stmt" count="0"/>
        <line num="49" type="stmt" count="0"/>
        <line num="52" type="stmt" count="0"/>
        <line num="58" type="stmt" count="0"/>
        <line num="61" type="stmt" count="0"/>
        <line num="65" type="stmt" count="0"/>
        <line num="70" type="method" name="findPartenaire" visibility="public" complexity="1" crap="2" count="0"/>
        <line num="72" type="stmt" count="0"/>
        <line num="74" type="stmt" count="0"/>
        <line num="75" type="stmt" count="0"/>
        <line num="77" type="stmt" count="0"/>
        <metrics loc="79" ncloc="72" classes="1" methods="2" coveredmethods="0" conditionals="0" coveredconditionals="0" statements="27" coveredstatements="0" elements="29" coveredelements="0"/>
      </file>
    </package>
    <package name="App\Entity">
      <file name="/home/mister_d/Bureau/transfert/src/Entity/Compte.php">
        <class name="App\Entity\Compte" namespace="App\Entity">
          <metrics complexity="12" methods="7" coveredmethods="0" conditionals="0" coveredconditionals="0" statements="10" coveredstatements="0" elements="17" coveredelements="0"/>
        </class>
        <line num="36" type="method" name="getId" visibility="public" complexity="2" crap="6" count="0"/>
        <line num="38" type="stmt" count="0"/>
        <line num="41" type="method" name="getMontant" visibility="public" complexity="2" crap="6" count="0"/>
        <line num="43" type="stmt" count="0"/>
        <line num="46" type="method" name="setMontant" visibility="public" complexity="1" crap="2" count="0"/>
        <line num="48" type="stmt" count="0"/>
        <line num="50" type="stmt" count="0"/>
        <line num="53" type="method" name="getDateDepot" visibility="public" complexity="2" crap="6" count="0"/>
        <line num="55" type="stmt" count="0"/>
        <line num="58" type="method" name="setDateDepot" visibility="public" complexity="1" crap="2" count="0"/>
        <line num="60" type="stmt" count="0"/>
        <line num="62" type="stmt" count="0"/>
        <line num="65" type="method" name="getPartenaire" visibility="public" complexity="2" crap="6" count="0"/>
        <line num="67" type="stmt" count="0"/>
        <line num="70" type="method" name="setPartenaire" visibility="public" complexity="2" crap="6" count="0"/>
        <line num="72" type="stmt" count="0"/>
        <line num="74" type="stmt" count="0"/>
        <metrics loc="76" ncloc="58" classes="1" methods="7" coveredmethods="0" conditionals="0" coveredconditionals="0" statements="10" coveredstatements="0" elements="17" coveredelements="0"/>
      </file>
      <file name="/home/mister_d/Bureau/transfert/src/Entity/Partenaire.php">
        <class name="App\Entity\Partenaire" namespace="App\Entity">
          <metrics complexity="43" methods="25" coveredmethods="0" conditionals="0" coveredconditionals="0" statements="46" coveredstatements="0" elements="71" coveredelements="0"/>
        </class>
        <line num="80" type="method" name="__construct" visibility="public" complexity="1" crap="2" count="0"/>
        <line num="82" type="stmt" count="0"/>
        <line num="83" type="stmt" count="0"/>
        <line num="85" type="method" name="getId" visibility="public" complexity="2" crap="6" count="0"/>
        <line num="87" type="stmt" count="0"/>
        <line num="90" type="method" name="getNomEntreprise" visibility="public" complexity="2" crap="6" count="0"/>
        <line num="92" type="stmt" count="0"/>
        <line num="95" type="method" name="setNomEntreprise" visibility="public" complexity="1" crap="2" count="0"/>
        <line num="97" type="stmt" count="0"/>
        <line num="99" type="stmt" count="0"/>
        <line num="102" type="method" name="getNinea" visibility="public" complexity="2" crap="6" count="0"/>
        <line num="104" type="stmt" count="0"/>
        <line num="107" type="method" name="setNinea" visibility="public" complexity="1" crap="2" count="0"/>
        <line num="109" type="stmt" count="0"/>
        <line num="111" type="stmt" count="0"/>
        <line num="114" type="method" name="getAdresse" visibility="public" complexity="2" crap="6" count="0"/>
        <line num="116" type="stmt" count="0"/>
        <line num="119" type="method" name="setAdresse" visibility="public" complexity="1" crap="2" count="0"/>
        <line num="121" type="stmt" count="0"/>
        <line num="123" type="stmt" count="0"/>
        <line num="126" type="method" name="getRaisonSocilale" visibility="public" complexity="2" crap="6" count="0"/>
        <line num="128" type="stmt" count="0"/>
        <line num="131" type="method" name="setRaisonSocilale" visibility="public" complexity="1" crap="2" count="0"/>
        <line num="133" type="stmt" count="0"/>
        <line num="135" type="stmt" count="0"/>
        <line num="138" type="method" name="getEmail" visibility="public" complexity="2" crap="6" count="0"/>
        <line num="140" type="stmt" count="0"/>
        <line num="143" type="method" name="setEmail" visibility="public" complexity="1" crap="2" count="0"/>
        <line num="145" type="stmt" count="0"/>
        <line num="147" type="stmt" count="0"/>
        <line num="150" type="method" name="getNumeroCompte" visibility="public" complexity="2" crap="6" count="0"/>
        <line num="152" type="stmt" count="0"/>
        <line num="155" type="method" name="setNumeroCompte" visibility="public" complexity="1" crap="2" count="0"/>
        <line num="157" type="stmt" count="0"/>
        <line num="159" type="stmt" count="0"/>
        <line num="161" type="method" name="getStatut" visibility="public" complexity="2" crap="6" count="0"/>
        <line num="163" type="stmt" count="0"/>
        <line num="166" type="method" name="setStatut" visibility="public" complexity="1" crap="2" count="0"/>
        <line num="168" type="stmt" count="0"/>
        <line num="170" type="stmt" count="0"/>
        <line num="176" type="method" name="getUtilisateurs" visibility="public" complexity="1" crap="2" count="0"/>
        <line num="178" type="stmt" count="0"/>
        <line num="181" type="method" name="addUtilisateur" visibility="public" complexity="2" crap="6" count="0"/>
        <line num="183" type="stmt" count="0"/>
        <line num="184" type="stmt" count="0"/>
        <line num="185" type="stmt" count="0"/>
        <line num="188" type="stmt" count="0"/>
        <line num="191" type="method" name="removeUtilisateur" visibility="public" complexity="3" crap="12" count="0"/>
        <line num="193" type="stmt" count="0"/>
        <line num="194" type="stmt" count="0"/>
        <line num="196" type="stmt" count="0"/>
        <line num="197" type="stmt" count="0"/>
        <line num="201" type="stmt" count="0"/>
        <line num="204" type="method" name="getCompte" visibility="public" complexity="2" crap="6" count="0"/>
        <line num="206" type="stmt" count="0"/>
        <line num="209" type="method" name="setCompte" visibility="public" complexity="4" crap="20" count="0"/>
        <line num="211" type="stmt" count="0"/>
        <line num="214" type="stmt" count="0"/>
        <line num="215" type="stmt" count="0"/>
        <line num="216" type="stmt" count="0"/>
        <line num="219" type="stmt" count="0"/>
        <line num="222" type="method" name="getUtilisateur" visibility="public" complexity="2" crap="6" count="0"/>
        <line num="224" type="stmt" count="0"/>
        <line num="227" type="method" name="setUtilisateur" visibility="public" complexity="2" crap="6" count="0"/>
        <line num="229" type="stmt" count="0"/>
        <line num="231" type="stmt" count="0"/>
        <line num="234" type="method" name="getMontantCompte" visibility="public" complexity="2" crap="6" count="0"/>
        <line num="236" type="stmt" count="0"/>
        <line num="239" type="method" name="setMontantCompte" visibility="public" complexity="1" crap="2" count="0"/>
        <line num="241" type="stmt" count="0"/>
        <line num="243" type="stmt" count="0"/>
        <metrics loc="245" ncloc="196" classes="1" methods="25" coveredmethods="0" conditionals="0" coveredconditionals="0" statements="46" coveredstatements="0" elements="71" coveredelements="0"/>
      </file>
      <file name="/home/mister_d/Bureau/transfert/src/Entity/Profil.php">
        <class name="App\Entity\Profil" namespace="App\Entity">
          <metrics complexity="12" methods="7" coveredmethods="0" conditionals="0" coveredconditionals="0" statements="16" coveredstatements="0" elements="23" coveredelements="0"/>
        </class>
        <line num="34" type="method" name="__construct" visibility="public" complexity="1" crap="2" count="0"/>
        <line num="36" type="stmt" count="0"/>
        <line num="37" type="stmt" count="0"/>
        <line num="39" type="method" name="getId" visibility="public" complexity="2" crap="6" count="0"/>
        <line num="41" type="stmt" count="0"/>
        <line num="44" type="method" name="getLibelle" visibility="public" complexity="2" crap="6" count="0"/>
        <line num="46" type="stmt" count="0"/>
        <line num="49" type="method" name="setLibelle" visibility="public" complexity="1" crap="2" count="0"/>
        <line num="51" type="stmt" count="0"/>
        <line num="53" type="stmt" count="0"/>
        <line num="59" type="method" name="getUtilisateurs" visibility="public" complexity="1" crap="2" count="0"/>
        <line num="61" type="stmt" count="0"/>
        <line num="64" type="method" name="addUtilisateur" visibility="public" complexity="2" crap="6" count="0"/>
        <line num="66" type="stmt" count="0"/>
        <line num="67" type="stmt" count="0"/>
        <line num="68" type="stmt" count="0"/>
        <line num="71" type="stmt" count="0"/>
        <line num="74" type="method" name="removeUtilisateur" visibility="public" complexity="3" crap="12" count="0"/>
        <line num="76" type="stmt" count="0"/>
        <line num="77" type="stmt" count="0"/>
        <line num="79" type="stmt" count="0"/>
        <line num="80" type="stmt" count="0"/>
        <line num="84" type="stmt" count="0"/>
        <metrics loc="86" ncloc="66" classes="1" methods="7" coveredmethods="0" conditionals="0" coveredconditionals="0" statements="16" coveredstatements="0" elements="23" coveredelements="0"/>
      </file>
      <file name="/home/mister_d/Bureau/transfert/src/Entity/Utilisateur.php">
        <class name="App\Entity\Utilisateur" namespace="App\Entity">
          <metrics complexity="40" methods="27" coveredmethods="0" conditionals="0" coveredconditionals="0" statements="47" coveredstatements="0" elements="74" coveredelements="0"/>
        </class>
        <line num="82" type="method" name="__construct" visibility="public" complexity="1" crap="2" count="0"/>
        <line num="84" type="stmt" count="0"/>
        <line num="85" type="stmt" count="0"/>
        <line num="87" type="method" name="getId" visibility="public" complexity="2" crap="6" count="0"/>
        <line num="89" type="stmt" count="0"/>
        <line num="97" type="method" name="getUsername" visibility="public" complexity="1" crap="2" count="0"/>
        <line num="99" type="stmt" count="0"/>
        <line num="102" type="method" name="setUsername" visibility="public" complexity="1" crap="2" count="0"/>
        <line num="104" type="stmt" count="0"/>
        <line num="106" type="stmt" count="0"/>
        <line num="112" type="method" name="getRoles" visibility="public" complexity="1" crap="2" count="0"/>
        <line num="114" type="stmt" count="0"/>
        <line num="116" type="stmt" count="0"/>
        <line num="118" type="stmt" count="0"/>
        <line num="121" type="method" name="setRoles" visibility="public" complexity="1" crap="2" count="0"/>
        <line num="123" type="stmt" count="0"/>
        <line num="125" type="stmt" count="0"/>
        <line num="131" type="method" name="getPassword" visibility="public" complexity="1" crap="2" count="0"/>
        <line num="133" type="stmt" count="0"/>
        <line num="136" type="method" name="setPassword" visibility="public" complexity="1" crap="2" count="0"/>
        <line num="138" type="stmt" count="0"/>
        <line num="140" type="stmt" count="0"/>
        <line num="146" type="method" name="getSalt" visibility="public" complexity="1" crap="2" count="0"/>
        <line num="149" type="stmt" count="0"/>
        <line num="154" type="method" name="eraseCredentials" visibility="public" complexity="1" crap="2" count="0"/>
        <line num="158" type="stmt" count="0"/>
        <line num="160" type="method" name="getNom" visibility="public" complexity="2" crap="6" count="0"/>
        <line num="162" type="stmt" count="0"/>
        <line num="165" type="method" name="setNom" visibility="public" complexity="1" crap="2" count="0"/>
        <line num="167" type="stmt" count="0"/>
        <line num="169" type="stmt" count="0"/>
        <line num="172" type="method" name="getPrenom" visibility="public" complexity="2" crap="6" count="0"/>
        <line num="174" type="stmt" count="0"/>
        <line num="177" type="method" name="setPrenom" visibility="public" complexity="1" crap="2" count="0"/>
        <line num="179" type="stmt" count="0"/>
        <line num="181" type="stmt" count="0"/>
        <line num="184" type="method" name="getEmail" visibility="public" complexity="2" crap="6" count="0"/>
        <line num="186" type="stmt" count="0"/>
        <line num="189" type="method" name="setEmail" visibility="public" complexity="1" crap="2" count="0"/>
        <line num="191" type="stmt" count="0"/>
        <line num="193" type="stmt" count="0"/>
        <line num="196" type="method" name="getCin" visibility="public" complexity="2" crap="6" count="0"/>
        <line num="198" type="stmt" count="0"/>
        <line num="201" type="method" name="setCin" visibility="public" complexity="1" crap="2" count="0"/>
        <line num="203" type="stmt" count="0"/>
        <line num="205" type="stmt" count="0"/>
        <line num="208" type="method" name="getProfil" visibility="public" complexity="2" crap="6" count="0"/>
        <line num="210" type="stmt" count="0"/>
        <line num="213" type="method" name="setProfil" visibility="public" complexity="2" crap="6" count="0"/>
        <line num="215" type="stmt" count="0"/>
        <line num="217" type="stmt" count="0"/>
        <line num="220" type="method" name="getPartenaire" visibility="public" complexity="2" crap="6" count="0"/>
        <line num="222" type="stmt" count="0"/>
        <line num="225" type="method" name="setPartenaire" visibility="public" complexity="2" crap="6" count="0"/>
        <line num="227" type="stmt" count="0"/>
        <line num="229" type="stmt" count="0"/>
        <line num="232" type="method" name="getStatut" visibility="public" complexity="2" crap="6" count="0"/>
        <line num="234" type="stmt" count="0"/>
        <line num="237" type="method" name="setStatut" visibility="public" complexity="1" crap="2" count="0"/>
        <line num="239" type="stmt" count="0"/>
        <line num="241" type="stmt" count="0"/>
        <line num="248" type="method" name="getPartenaires" visibility="public" complexity="1" crap="2" count="0"/>
        <line num="250" type="stmt" count="0"/>
        <line num="253" type="method" name="addPartenaire" visibility="public" complexity="2" crap="6" count="0"/>
        <line num="255" type="stmt" count="0"/>
        <line num="256" type="stmt" count="0"/>
        <line num="257" type="stmt" count="0"/>
        <line num="260" type="stmt" count="0"/>
        <line num="263" type="method" name="removePartenaire" visibility="public" complexity="3" crap="12" count="0"/>
        <line num="265" type="stmt" count="0"/>
        <line num="266" type="stmt" count="0"/>
        <line num="268" type="stmt" count="0"/>
        <line num="269" type="stmt" count="0"/>
        <line num="273" type="stmt" count="0"/>
        <metrics loc="275" ncloc="201" classes="1" methods="27" coveredmethods="0" conditionals="0" coveredconditionals="0" statements="47" coveredstatements="0" elements="74" coveredelements="0"/>
      </file>
    </package>
    <package name="App\Form">
      <file name="/home/mister_d/Bureau/transfert/src/Form/CompteType.php">
        <class name="App\Form\CompteType" namespace="App\Form">
          <metrics complexity="2" methods="2" coveredmethods="0" conditionals="0" coveredconditionals="0" statements="7" coveredstatements="0" elements="9" coveredelements="0"/>
        </class>
        <line num="12" type="method" name="buildForm" visibility="public" complexity="1" crap="2" count="0"/>
        <line num="15" type="stmt" count="0"/>
        <line num="16" type="stmt" count="0"/>
        <line num="17" type="stmt" count="0"/>
        <line num="19" type="stmt" count="0"/>
        <line num="21" type="method" name="configureOptions" visibility="public" complexity="1" crap="2" count="0"/>
        <line num="23" type="stmt" count="0"/>
        <line num="24" type="stmt" count="0"/>
        <line num="26" type="stmt" count="0"/>
        <metrics loc="27" ncloc="27" classes="1" methods="2" coveredmethods="0" conditionals="0" coveredconditionals="0" statements="7" coveredstatements="0" elements="9" coveredelements="0"/>
      </file>
    </package>
    <package name="App">
      <file name="/home/mister_d/Bureau/transfert/src/Kernel.php">
        <class name="App\Kernel" namespace="App">
          <metrics complexity="6" methods="4" coveredmethods="0" conditionals="0" coveredconditionals="0" statements="19" coveredstatements="0" elements="23" coveredelements="0"/>
        </class>
        <line num="18" type="method" name="registerBundles" visibility="public" complexity="3" crap="12" count="0"/>
        <line num="20" type="stmt" count="0"/>
        <line num="21" type="stmt" count="0"/>
        <line num="22" type="stmt" count="0"/>
        <line num="23" type="stmt" count="0"/>
        <line num="26" type="stmt" count="0"/>
        <line num="28" type="method" name="getProjectDir" visibility="public" complexity="1" crap="2" count="0"/>
        <line num="30" type="stmt" count="0"/>
        <line num="33" type="method" name="configureContainer" visibility="protected" complexity="1" crap="2" count="0"/>
        <line num="35" type="stmt" count="0"/>
        <line num="36" type="stmt" count="0"/>
        <line num="37" type="stmt" count="0"/>
        <line num="39" type="stmt" count="0"/>
        <line num="40" type="stmt" count="0"/>
        <line num="41" type="stmt" count="0"/>
        <line num="42" type="stmt" count="0"/>
        <line num="43" type="stmt" count="0"/>
        <line num="45" type="method" name="configureRoutes" visibility="protected" complexity="1" crap="2" count="0"/>
        <line num="47" type="stmt" count="0"/>
        <line num="49" type="stmt" count="0"/>
        <line num="50" type="stmt" count="0"/>
        <line num="51" type="stmt" count="0"/>
        <line num="52" type="stmt" count="0"/>
        <metrics loc="53" ncloc="53" classes="1" methods="4" coveredmethods="0" conditionals="0" coveredconditionals="0" statements="19" coveredstatements="0" elements="23" coveredelements="0"/>
      </file>
    </package>
    <package name="DoctrineMigrations">
      <file name="/home/mister_d/Bureau/transfert/src/Migrations/Version20190728020403.php">
        <class name="DoctrineMigrations\Version20190728020403" namespace="DoctrineMigrations">
          <metrics complexity="3" methods="3" coveredmethods="0" conditionals="0" coveredconditionals="0" statements="7" coveredstatements="0" elements="10" coveredelements="0"/>
        </class>
        <line num="15" type="method" name="getDescription" visibility="public" complexity="1" crap="2" count="0"/>
        <line num="17" type="stmt" count="0"/>
        <line num="20" type="method" name="up" visibility="public" complexity="1" crap="2" count="0"/>
        <line num="23" type="stmt" count="0"/>
        <line num="25" type="stmt" count="0"/>
        <line num="26" type="stmt" count="0"/>
        <line num="28" type="method" name="down" visibility="public" complexity="1" crap="2" count="0"/>
        <line num="31" type="stmt" count="0"/>
        <line num="33" type="stmt" count="0"/>
        <line num="34" type="stmt" count="0"/>
        <metrics loc="35" ncloc="28" classes="1" methods="3" coveredmethods="0" conditionals="0" coveredconditionals="0" statements="7" coveredstatements="0" elements="10" coveredelements="0"/>
      </file>
      <file name="/home/mister_d/Bureau/transfert/src/Migrations/Version20190728020647.php">
        <class name="DoctrineMigrations\Version20190728020647" namespace="DoctrineMigrations">
          <metrics complexity="3" methods="3" coveredmethods="0" conditionals="0" coveredconditionals="0" statements="7" coveredstatements="0" elements="10" coveredelements="0"/>
        </class>
        <line num="15" type="method" name="getDescription" visibility="public" complexity="1" crap="2" count="0"/>
        <line num="17" type="stmt" count="0"/>
        <line num="20" type="method" name="up" visibility="public" complexity="1" crap="2" count="0"/>
        <line num="23" type="stmt" count="0"/>
        <line num="25" type="stmt" count="0"/>
        <line num="26" type="stmt" count="0"/>
        <line num="28" type="method" name="down" visibility="public" complexity="1" crap="2" count="0"/>
        <line num="31" type="stmt" count="0"/>
        <line num="33" type="stmt" count="0"/>
        <line num="34" type="stmt" count="0"/>
        <metrics loc="35" ncloc="28" classes="1" methods="3" coveredmethods="0" conditionals="0" coveredconditionals="0" statements="7" coveredstatements="0" elements="10" coveredelements="0"/>
      </file>
      <file name="/home/mister_d/Bureau/transfert/src/Migrations/Version20190728041704.php">
        <class name="DoctrineMigrations\Version20190728041704" namespace="DoctrineMigrations">
          <metrics complexity="3" methods="3" coveredmethods="0" conditionals="0" coveredconditionals="0" statements="7" coveredstatements="0" elements="10" coveredelements="0"/>
        </class>
        <line num="15" type="method" name="getDescription" visibility="public" complexity="1" crap="2" count="0"/>
        <line num="17" type="stmt" count="0"/>
        <line num="20" type="method" name="up" visibility="public" complexity="1" crap="2" count="0"/>
        <line num="23" type="stmt" count="0"/>
        <line num="25" type="stmt" count="0"/>
        <line num="26" type="stmt" count="0"/>
        <line num="28" type="method" name="down" visibility="public" complexity="1" crap="2" count="0"/>
        <line num="31" type="stmt" count="0"/>
        <line num="33" type="stmt" count="0"/>
        <line num="34" type="stmt" count="0"/>
        <metrics loc="35" ncloc="28" classes="1" methods="3" coveredmethods="0" conditionals="0" coveredconditionals="0" statements="7" coveredstatements="0" elements="10" coveredelements="0"/>
      </file>
      <file name="/home/mister_d/Bureau/transfert/src/Migrations/Version20190728154210.php">
        <class name="DoctrineMigrations\Version20190728154210" namespace="DoctrineMigrations">
          <metrics complexity="3" methods="3" coveredmethods="0" conditionals="0" coveredconditionals="0" statements="7" coveredstatements="0" elements="10" coveredelements="0"/>
        </class>
        <line num="15" type="method" name="getDescription" visibility="public" complexity="1" crap="2" count="0"/>
        <line num="17" type="stmt" count="0"/>
        <line num="20" type="method" name="up" visibility="public" complexity="1" crap="2" count="0"/>
        <line num="23" type="stmt" count="0"/>
        <line num="25" type="stmt" count="0"/>
        <line num="26" type="stmt" count="0"/>
        <line num="28" type="method" name="down" visibility="public" complexity="1" crap="2" count="0"/>
        <line num="31" type="stmt" count="0"/>
        <line num="33" type="stmt" count="0"/>
        <line num="34" type="stmt" count="0"/>
        <metrics loc="35" ncloc="28" classes="1" methods="3" coveredmethods="0" conditionals="0" coveredconditionals="0" statements="7" coveredstatements="0" elements="10" coveredelements="0"/>
      </file>
      <file name="/home/mister_d/Bureau/transfert/src/Migrations/Version20190730081746.php">
        <class name="DoctrineMigrations\Version20190730081746" namespace="DoctrineMigrations">
          <metrics complexity="3" methods="3" coveredmethods="0" conditionals="0" coveredconditionals="0" statements="13" coveredstatements="0" elements="16" coveredelements="0"/>
        </class>
        <line num="15" type="method" name="getDescription" visibility="public" complexity="1" crap="2" count="0"/>
        <line num="17" type="stmt" count="0"/>
        <line num="20" type="method" name="up" visibility="public" complexity="1" crap="2" count="0"/>
        <line num="23" type="stmt" count="0"/>
        <line num="25" type="stmt" count="0"/>
        <line num="26" type="stmt" count="0"/>
        <line num="27" type="stmt" count="0"/>
        <line num="28" type="stmt" count="0"/>
        <line num="29" type="stmt" count="0"/>
        <line num="31" type="method" name="down" visibility="public" complexity="1" crap="2" count="0"/>
        <line num="34" type="stmt" count="0"/>
        <line num="36" type="stmt" count="0"/>
        <line num="37" type="stmt" count="0"/>
        <line num="38" type="stmt" count="0"/>
        <line num="39" type="stmt" count="0"/>
        <line num="40" type="stmt" count="0"/>
        <metrics loc="41" ncloc="34" classes="1" methods="3" coveredmethods="0" conditionals="0" coveredconditionals="0" statements="13" coveredstatements="0" elements="16" coveredelements="0"/>
      </file>
      <file name="/home/mister_d/Bureau/transfert/src/Migrations/Version20190730085310.php">
        <class name="DoctrineMigrations\Version20190730085310" namespace="DoctrineMigrations">
          <metrics complexity="3" methods="3" coveredmethods="0" conditionals="0" coveredconditionals="0" statements="13" coveredstatements="0" elements="16" coveredelements="0"/>
        </class>
        <line num="15" type="method" name="getDescription" visibility="public" complexity="1" crap="2" count="0"/>
        <line num="17" type="stmt" count="0"/>
        <line num="20" type="method" name="up" visibility="public" complexity="1" crap="2" count="0"/>
        <line num="23" type="stmt" count="0"/>
        <line num="25" type="stmt" count="0"/>
        <line num="26" type="stmt" count="0"/>
        <line num="27" type="stmt" count="0"/>
        <line num="28" type="stmt" count="0"/>
        <line num="29" type="stmt" count="0"/>
        <line num="31" type="method" name="down" visibility="public" complexity="1" crap="2" count="0"/>
        <line num="34" type="stmt" count="0"/>
        <line num="36" type="stmt" count="0"/>
        <line num="37" type="stmt" count="0"/>
        <line num="38" type="stmt" count="0"/>
        <line num="39" type="stmt" count="0"/>
        <line num="40" type="stmt" count="0"/>
        <metrics loc="41" ncloc="34" classes="1" methods="3" coveredmethods="0" conditionals="0" coveredconditionals="0" statements="13" coveredstatements="0" elements="16" coveredelements="0"/>
      </file>
      <file name="/home/mister_d/Bureau/transfert/src/Migrations/Version20190730104951.php">
        <class name="DoctrineMigrations\Version20190730104951" namespace="DoctrineMigrations">
          <metrics complexity="3" methods="3" coveredmethods="0" conditionals="0" coveredconditionals="0" statements="13" coveredstatements="0" elements="16" coveredelements="0"/>
        </class>
        <line num="15" type="method" name="getDescription" visibility="public" complexity="1" crap="2" count="0"/>
        <line num="17" type="stmt" count="0"/>
        <line num="20" type="method" name="up" visibility="public" complexity="1" crap="2" count="0"/>
        <line num="23" type="stmt" count="0"/>
        <line num="25" type="stmt" count="0"/>
        <line num="26" type="stmt" count="0"/>
        <line num="27" type="stmt" count="0"/>
        <line num="28" type="stmt" count="0"/>
        <line num="29" type="stmt" count="0"/>
        <line num="31" type="method" name="down" visibility="public" complexity="1" crap="2" count="0"/>
        <line num="34" type="stmt" count="0"/>
        <line num="36" type="stmt" count="0"/>
        <line num="37" type="stmt" count="0"/>
        <line num="38" type="stmt" count="0"/>
        <line num="39" type="stmt" count="0"/>
        <line num="40" type="stmt" count="0"/>
        <metrics loc="41" ncloc="34" classes="1" methods="3" coveredmethods="0" conditionals="0" coveredconditionals="0" statements="13" coveredstatements="0" elements="16" coveredelements="0"/>
      </file>
      <file name="/home/mister_d/Bureau/transfert/src/Migrations/Version20190730112620.php">
        <class name="DoctrineMigrations\Version20190730112620" namespace="DoctrineMigrations">
          <metrics complexity="3" methods="3" coveredmethods="0" conditionals="0" coveredconditionals="0" statements="15" coveredstatements="0" elements="18" coveredelements="0"/>
        </class>
        <line num="15" type="method" name="getDescription" visibility="public" complexity="1" crap="2" count="0"/>
        <line num="17" type="stmt" count="0"/>
        <line num="20" type="method" name="up" visibility="public" complexity="1" crap="2" count="0"/>
        <line num="23" type="stmt" count="0"/>
        <line num="25" type="stmt" count="0"/>
        <line num="26" type="stmt" count="0"/>
        <line num="27" type="stmt" count="0"/>
        <line num="28" type="stmt" count="0"/>
        <line num="29" type="stmt" count="0"/>
        <line num="30" type="stmt" count="0"/>
        <line num="32" type="method" name="down" visibility="public" complexity="1" crap="2" count="0"/>
        <line num="35" type="stmt" count="0"/>
        <line num="37" type="stmt" count="0"/>
        <line num="38" type="stmt" count="0"/>
        <line num="39" type="stmt" count="0"/>
        <line num="40" type="stmt" count="0"/>
        <line num="41" type="stmt" count="0"/>
        <line num="42" type="stmt" count="0"/>
        <metrics loc="43" ncloc="36" classes="1" methods="3" coveredmethods="0" conditionals="0" coveredconditionals="0" statements="15" coveredstatements="0" elements="18" coveredelements="0"/>
      </file>
      <file name="/home/mister_d/Bureau/transfert/src/Migrations/Version20190730114037.php">
        <class name="DoctrineMigrations\Version20190730114037" namespace="DoctrineMigrations">
          <metrics complexity="3" methods="3" coveredmethods="0" conditionals="0" coveredconditionals="0" statements="13" coveredstatements="0" elements="16" coveredelements="0"/>
        </class>
        <line num="15" type="method" name="getDescription" visibility="public" complexity="1" crap="2" count="0"/>
        <line num="17" type="stmt" count="0"/>
        <line num="20" type="method" name="up" visibility="public" complexity="1" crap="2" count="0"/>
        <line num="23" type="stmt" count="0"/>
        <line num="25" type="stmt" count="0"/>
        <line num="26" type="stmt" count="0"/>
        <line num="27" type="stmt" count="0"/>
        <line num="28" type="stmt" count="0"/>
        <line num="29" type="stmt" count="0"/>
        <line num="31" type="method" name="down" visibility="public" complexity="1" crap="2" count="0"/>
        <line num="34" type="stmt" count="0"/>
        <line num="36" type="stmt" count="0"/>
        <line num="37" type="stmt" count="0"/>
        <line num="38" type="stmt" count="0"/>
        <line num="39" type="stmt" count="0"/>
        <line num="40" type="stmt" count="0"/>
        <metrics loc="41" ncloc="34" classes="1" methods="3" coveredmethods="0" conditionals="0" coveredconditionals="0" statements="13" coveredstatements="0" elements="16" coveredelements="0"/>
      </file>
      <file name="/home/mister_d/Bureau/transfert/src/Migrations/Version20190730114344.php">
        <class name="DoctrineMigrations\Version20190730114344" namespace="DoctrineMigrations">
          <metrics complexity="3" methods="3" coveredmethods="0" conditionals="0" coveredconditionals="0" statements="7" coveredstatements="0" elements="10" coveredelements="0"/>
        </class>
        <line num="15" type="method" name="getDescription" visibility="public" complexity="1" crap="2" count="0"/>
        <line num="17" type="stmt" count="0"/>
        <line num="20" type="method" name="up" visibility="public" complexity="1" crap="2" count="0"/>
        <line num="23" type="stmt" count="0"/>
        <line num="25" type="stmt" count="0"/>
        <line num="26" type="stmt" count="0"/>
        <line num="28" type="method" name="down" visibility="public" complexity="1" crap="2" count="0"/>
        <line num="31" type="stmt" count="0"/>
        <line num="33" type="stmt" count="0"/>
        <line num="34" type="stmt" count="0"/>
        <metrics loc="35" ncloc="28" classes="1" methods="3" coveredmethods="0" conditionals="0" coveredconditionals="0" statements="7" coveredstatements="0" elements="10" coveredelements="0"/>
      </file>
      <file name="/home/mister_d/Bureau/transfert/src/Migrations/Version20190730140943.php">
        <class name="DoctrineMigrations\Version20190730140943" namespace="DoctrineMigrations">
          <metrics complexity="3" methods="3" coveredmethods="0" conditionals="0" coveredconditionals="0" statements="13" coveredstatements="0" elements="16" coveredelements="0"/>
        </class>
        <line num="15" type="method" name="getDescription" visibility="public" complexity="1" crap="2" count="0"/>
        <line num="17" type="stmt" count="0"/>
        <line num="20" type="method" name="up" visibility="public" complexity="1" crap="2" count="0"/>
        <line num="23" type="stmt" count="0"/>
        <line num="25" type="stmt" count="0"/>
        <line num="26" type="stmt" count="0"/>
        <line num="27" type="stmt" count="0"/>
        <line num="28" type="stmt" count="0"/>
        <line num="29" type="stmt" count="0"/>
        <line num="31" type="method" name="down" visibility="public" complexity="1" crap="2" count="0"/>
        <line num="34" type="stmt" count="0"/>
        <line num="36" type="stmt" count="0"/>
        <line num="37" type="stmt" count="0"/>
        <line num="38" type="stmt" count="0"/>
        <line num="39" type="stmt" count="0"/>
        <line num="40" type="stmt" count="0"/>
        <metrics loc="41" ncloc="34" classes="1" methods="3" coveredmethods="0" conditionals="0" coveredconditionals="0" statements="13" coveredstatements="0" elements="16" coveredelements="0"/>
      </file>
      <file name="/home/mister_d/Bureau/transfert/src/Migrations/Version20190730141143.php">
        <class name="DoctrineMigrations\Version20190730141143" namespace="DoctrineMigrations">
          <metrics complexity="3" methods="3" coveredmethods="0" conditionals="0" coveredconditionals="0" statements="13" coveredstatements="0" elements="16" coveredelements="0"/>
        </class>
        <line num="15" type="method" name="getDescription" visibility="public" complexity="1" crap="2" count="0"/>
        <line num="17" type="stmt" count="0"/>
        <line num="20" type="method" name="up" visibility="public" complexity="1" crap="2" count="0"/>
        <line num="23" type="stmt" count="0"/>
        <line num="25" type="stmt" count="0"/>
        <line num="26" type="stmt" count="0"/>
        <line num="27" type="stmt" count="0"/>
        <line num="28" type="stmt" count="0"/>
        <line num="29" type="stmt" count="0"/>
        <line num="31" type="method" name="down" visibility="public" complexity="1" crap="2" count="0"/>
        <line num="34" type="stmt" count="0"/>
        <line num="36" type="stmt" count="0"/>
        <line num="37" type="stmt" count="0"/>
        <line num="38" type="stmt" count="0"/>
        <line num="39" type="stmt" count="0"/>
        <line num="40" type="stmt" count="0"/>
        <metrics loc="41" ncloc="34" classes="1" methods="3" coveredmethods="0" conditionals="0" coveredconditionals="0" statements="13" coveredstatements="0" elements="16" coveredelements="0"/>
      </file>
    </package>
    <package name="App\Repository">
      <file name="/home/mister_d/Bureau/transfert/src/Repository/CompteRepository.php">
        <class name="App\Repository\CompteRepository" namespace="App\Repository">
          <metrics complexity="1" methods="1" coveredmethods="0" conditionals="0" coveredconditionals="0" statements="2" coveredstatements="0" elements="3" coveredelements="0"/>
        </class>
        <line num="17" type="method" name="__construct" visibility="public" complexity="1" crap="2" count="0"/>
        <line num="19" type="stmt" count="0"/>
        <line num="20" type="stmt" count="0"/>
        <metrics loc="50" ncloc="14" classes="1" methods="1" coveredmethods="0" conditionals="0" coveredconditionals="0" statements="2" coveredstatements="0" elements="3" coveredelements="0"/>
      </file>
      <file name="/home/mister_d/Bureau/transfert/src/Repository/PartenaireRepository.php">
        <class name="App\Repository\PartenaireRepository" namespace="App\Repository">
          <metrics complexity="1" methods="1" coveredmethods="0" conditionals="0" coveredconditionals="0" statements="2" coveredstatements="0" elements="3" coveredelements="0"/>
        </class>
        <line num="17" type="method" name="__construct" visibility="public" complexity="1" crap="2" count="0"/>
        <line num="19" type="stmt" count="0"/>
        <line num="20" type="stmt" count="0"/>
        <metrics loc="50" ncloc="14" classes="1" methods="1" coveredmethods="0" conditionals="0" coveredconditionals="0" statements="2" coveredstatements="0" elements="3" coveredelements="0"/>
      </file>
      <file name="/home/mister_d/Bureau/transfert/src/Repository/ProfilRepository.php">
        <class name="App\Repository\ProfilRepository" namespace="App\Repository">
          <metrics complexity="1" methods="1" coveredmethods="0" conditionals="0" coveredconditionals="0" statements="2" coveredstatements="0" elements="3" coveredelements="0"/>
        </class>
        <line num="17" type="method" name="__construct" visibility="public" complexity="1" crap="2" count="0"/>
        <line num="19" type="stmt" count="0"/>
        <line num="20" type="stmt" count="0"/>
        <metrics loc="50" ncloc="14" classes="1" methods="1" coveredmethods="0" conditionals="0" coveredconditionals="0" statements="2" coveredstatements="0" elements="3" coveredelements="0"/>
      </file>
      <file name="/home/mister_d/Bureau/transfert/src/Repository/UtilisateurRepository.php">
        <class name="App\Repository\UtilisateurRepository" namespace="App\Repository">
          <metrics complexity="1" methods="1" coveredmethods="0" conditionals="0" coveredconditionals="0" statements="2" coveredstatements="0" elements="3" coveredelements="0"/>
        </class>
        <line num="17" type="method" name="__construct" visibility="public" complexity="1" crap="2" count="0"/>
        <line num="19" type="stmt" count="0"/>
        <line num="20" type="stmt" count="0"/>
        <metrics loc="50" ncloc="14" classes="1" methods="1" coveredmethods="0" conditionals="0" coveredconditionals="0" statements="2" coveredstatements="0" elements="3" coveredelements="0"/>
      </file>
    </package>
    <metrics files="25" loc="1767" ncloc="1343" classes="25" methods="120" coveredmethods="0" conditionals="0" coveredconditionals="0" statements="397" coveredstatements="0" elements="517" coveredelements="0"/>
  </project>
</coverage>
